<?xml version="1.0" encoding="UTF-8"?>
<!-- Generated by org.testng.reporters.JUnitReportReporter -->
<testsuite hostname="LTIN606907" failures="0" tests="1" name="testRunner.TestRun" time="36.323" errors="0" timestamp="2025-07-17T14:25:51 IST" skipped="0">
  <testcase classname="testRunner.TestRun" name="runScenario" time="36.323"/>
</testsuite> <!-- testRunner.TestRun -->
